<?xml version="1.0" encoding="UTF-8"?>
<testsuite xmlns:xsi="http://www.w3.org/2001/XMLSchema-instance" xsi:noNamespaceSchemaLocation="https://maven.apache.org/surefire/maven-surefire-plugin/xsd/surefire-test-report-3.0.xsd" version="3.0" name="edu.eci.cvds.tdd.library.LibraryTest" time="0.049" tests="7" errors="0" skipped="0" failures="0">
  <properties>
[...]
</properties>
  <testcase name="testLoanSuccessful" classname="edu.eci.cvds.tdd.library.LibraryTest" time="0.014"/>
  <testcase name="testAddNewBook" classname="edu.eci.cvds.tdd.library.LibraryTest" time="0.0"/>
  <testcase name="testAddExistingBookIncreasesCount" classname="edu.eci.cvds.tdd.library.LibraryTest" time="0.0"/>
  <testcase name="testLoanFailsUserDoesNotExist" classname="edu.eci.cvds.tdd.library.LibraryTest" time="0.0"/>
  <testcase name="testLoanFailsBookUnavailable" classname="edu.eci.cvds.tdd.library.LibraryTest" time="0.0"/>
  <testcase name="testAddNullBookReturnsFalse" classname="edu.eci.cvds.tdd.library.LibraryTest" time="0.0"/>
  <testcase name="testLoanFailsDuplicateLoan" classname="edu.eci.cvds.tdd.library.LibraryTest" time="0.0"/>
</testsuite>